<?xml version="1.0" encoding="UTF-8"?>
<!-- Generated by org.testng.reporters.JUnitReportReporter -->
<testsuite hostname="nbhattacharj7a" name="com.lexmark.indus.automation.organizer.BasicORGTest" tests="2" failures="0" timestamp="10 Nov 2016 11:47:21 GMT" time="2.024" errors="0">
  <testcase name="testmethod2" time="0.017" classname="com.lexmark.indus.automation.organizer.BasicORGTest"/>
  <testcase name="testmethod" time="2.007" classname="com.lexmark.indus.automation.organizer.BasicORGTest"/>
</testsuite> <!-- com.lexmark.indus.automation.organizer.BasicORGTest -->
